<?xml version="1.0" encoding="UTF-8"?>
<testsuite name="Busqueda de producto aleatorio en la caja de texto de Adidas" tests="1" skipped="0" failures="0" errors="0" timestamp="2022-08-15T20:08:38" hostname="DESKTOP-MKH42D5" time="21.243">
  <properties/>
  <testcase name="buscar producto aleatorio" classname="Busqueda de producto aleatorio en la caja de texto de Adidas" time="21.243"/>
  <system-out><![CDATA[]]></system-out>
  <system-err><![CDATA[Starting ChromeDriver 104.0.5112.79 (3cf3e8c8a07d104b9e1260c910efb8f383285dc5-refs/branch-heads/5112@{#1307}) on port 39515
Only local connections are allowed.
Please see https://chromedriver.chromium.org/security-considerations for suggestions on keeping ChromeDriver safe.
ChromeDriver was started successfully.
ago 15, 2022 3:08:40 PM org.openqa.selenium.remote.ProtocolHandshake createSession
INFORMACIÓN: Detected dialect: W3C
[Test worker] INFO net.thucydides.core.steps.ConsoleLoggingListener - 
        __    _____ _____ ____ _____   ____   _    ____  ____  _____ ____  
  _     \ \  |_   _| ____/ ___|_   _| |  _ \ / \  / ___|/ ___|| ____|  _ \ 
 (_)_____| |   | | |  _| \___ \ | |   | |_) / _ \ \___ \\___ \|  _| | | | |
  _|_____| |   | | | |___ ___) || |   |  __/ ___ \ ___) |___) | |___| |_| |
 (_)     | |   |_| |_____|____/ |_|   |_| /_/   \_\____/|____/|_____|____/ 
        /_/                                                                

TEST PASSED: buscar producto aleatorio
----------------------------------------------------------------------------
]]></system-err>
</testsuite>
